Using pre-set license
Built from '2020.3/release' branch; Version is '2020.3.15f2 (6cf78cb77498) revision 7141260'; Using compiler version '192528614'; Build Type 'Release'
OS: 'Windows 10 Pro; OS build 22000.194; Version 2009; 64bit' Language: 'en' Physical Memory: 16305 MB
BatchMode: 1, IsHumanControllingUs: 0, StartBugReporterOnCrash: 0, Is64bit: 1, IsPro: 0

 COMMAND LINE ARGUMENTS:
C:\Program Files\Unity\Hub\Editor\2020.3.15f2\Editor\Unity.exe
-adb2
-batchMode
-noUpm
-name
AssetImportWorker0
-projectPath
C:/Users/natha/Documents/GitHub/ConquestAlpha/ConquestAlpha
-logFile
Logs/AssetImportWorker0.log
-srvPort
52200
Successfully changed project path to: C:/Users/natha/Documents/GitHub/ConquestAlpha/ConquestAlpha
C:/Users/natha/Documents/GitHub/ConquestAlpha/ConquestAlpha
Using Asset Import Pipeline V2.
Refreshing native plugins compatible for Editor in 65.70 ms, found 2 plugins.
Preloading 0 native plugins for Editor in 0.00 ms.
Initialize engine version: 2020.3.15f2 (6cf78cb77498)
[Subsystems] Discovering subsystems at path C:/Program Files/Unity/Hub/Editor/2020.3.15f2/Editor/Data/Resources/UnitySubsystems
[Subsystems] Discovering subsystems at path C:/Users/natha/Documents/GitHub/ConquestAlpha/ConquestAlpha/Assets
GfxDevice: creating device client; threaded=0
Direct3D:
    Version:  Direct3D 11.0 [level 11.1]
    Renderer: NVIDIA GeForce GTX 1070 (ID=0x1b81)
    Vendor:   
    VRAM:     8088 MB
    Driver:   30.0.14.7212
Initialize mono
Mono path[0] = 'C:/Program Files/Unity/Hub/Editor/2020.3.15f2/Editor/Data/Managed'
Mono path[1] = 'C:/Program Files/Unity/Hub/Editor/2020.3.15f2/Editor/Data/MonoBleedingEdge/lib/mono/unityjit'
Mono config path = 'C:/Program Files/Unity/Hub/Editor/2020.3.15f2/Editor/Data/MonoBleedingEdge/etc'
Using monoOptions --debugger-agent=transport=dt_socket,embedding=1,server=y,suspend=n,address=127.0.0.1:56656
Begin MonoManager ReloadAssembly
Registering precompiled unity dll's ...
Register platform support module: C:/Program Files/Unity/Hub/Editor/2020.3.15f2/Editor/Data/PlaybackEngines/WebGLSupport/UnityEditor.WebGL.Extensions.dll
Register platform support module: C:/Program Files/Unity/Hub/Editor/2020.3.15f2/Editor/Data/PlaybackEngines/MacStandaloneSupport/UnityEditor.OSXStandalone.Extensions.dll
Register platform support module: C:/Program Files/Unity/Hub/Editor/2020.3.15f2/Editor/Data/PlaybackEngines/WindowsStandaloneSupport/UnityEditor.WindowsStandalone.Extensions.dll
Registered in 0.013036 seconds.
Native extension for WindowsStandalone target not found
Native extension for OSXStandalone target not found
Native extension for WebGL target not found
Refreshing native plugins compatible for Editor in 43.95 ms, found 2 plugins.
Preloading 0 native plugins for Editor in 0.00 ms.
Mono: successfully reloaded assembly
- Completed reload, in  5.922 seconds
Domain Reload Profiling:
	ReloadAssembly (5922ms)
		BeginReloadAssembly (64ms)
			ExecutionOrderSort (0ms)
			DisableScriptedObjects (0ms)
			BackupInstance (0ms)
			ReleaseScriptingObjects (0ms)
			CreateAndSetChildDomain (1ms)
		EndReloadAssembly (530ms)
			LoadAssemblies (67ms)
			RebuildTransferFunctionScriptingTraits (0ms)
			SetupTypeCache (195ms)
			ReleaseScriptCaches (0ms)
			RebuildScriptCaches (34ms)
			SetupLoadedEditorAssemblies (199ms)
				LogAssemblyErrors (0ms)
				InitializePlatformSupportModulesInManaged (7ms)
				SetLoadedEditorAssemblies (0ms)
				RefreshPlugins (44ms)
				BeforeProcessingInitializeOnLoad (17ms)
				ProcessInitializeOnLoadAttributes (93ms)
				ProcessInitializeOnLoadMethodAttributes (38ms)
				AfterProcessingInitializeOnLoad (0ms)
				EditorAssembliesLoaded (0ms)
			ExecutionOrderSort2 (0ms)
			AwakeInstancesAfterBackupRestoration (0ms)
Platform modules already initialized, skipping
Registering precompiled user dll's ...
Registered in 0.022911 seconds.
Begin MonoManager ReloadAssembly
Native extension for WindowsStandalone target not found
Native extension for OSXStandalone target not found
Native extension for WebGL target not found
Refreshing native plugins compatible for Editor in 0.44 ms, found 2 plugins.
Preloading 0 native plugins for Editor in 0.00 ms.
Mono: successfully reloaded assembly
- Completed reload, in  1.474 seconds
Domain Reload Profiling:
	ReloadAssembly (1475ms)
		BeginReloadAssembly (175ms)
			ExecutionOrderSort (0ms)
			DisableScriptedObjects (6ms)
			BackupInstance (0ms)
			ReleaseScriptingObjects (0ms)
			CreateAndSetChildDomain (20ms)
		EndReloadAssembly (1219ms)
			LoadAssemblies (184ms)
			RebuildTransferFunctionScriptingTraits (0ms)
			SetupTypeCache (355ms)
			ReleaseScriptCaches (0ms)
			RebuildScriptCaches (54ms)
			SetupLoadedEditorAssemblies (511ms)
				LogAssemblyErrors (0ms)
				InitializePlatformSupportModulesInManaged (8ms)
				SetLoadedEditorAssemblies (1ms)
				RefreshPlugins (1ms)
				BeforeProcessingInitializeOnLoad (94ms)
				ProcessInitializeOnLoadAttributes (394ms)
				ProcessInitializeOnLoadMethodAttributes (4ms)
				AfterProcessingInitializeOnLoad (9ms)
				EditorAssembliesLoaded (0ms)
			ExecutionOrderSort2 (0ms)
			AwakeInstancesAfterBackupRestoration (8ms)
Platform modules already initialized, skipping
========================================================================
Worker process is ready to serve import requests
Shader 'HDRP SHADOWS SM CLOUDS': fallback shader 'Hidden/Shader Graph/FallbackError' not found
Shader 'HDRP SHADOWS SM CLOUDS_VORTEX': fallback shader 'Hidden/Shader Graph/FallbackError' not found
Shader 'Unlit HDRP SHADOWS SM': fallback shader 'Hidden/Shader Graph/FallbackError' not found
Shader 'HDRP SHADOWS SM CLOUDS': fallback shader 'Hidden/Shader Graph/FallbackError' not found
Shader 'HDRP SHADOWS SM CLOUDS_VORTEX': fallback shader 'Hidden/Shader Graph/FallbackError' not found
Shader 'Unlit HDRP SHADOWS SM': fallback shader 'Hidden/Shader Graph/FallbackError' not found
Launched and connected shader compiler UnityShaderCompiler.exe after 0.15 seconds
Refreshing native plugins compatible for Editor in 0.46 ms, found 2 plugins.
Preloading 0 native plugins for Editor in 0.00 ms.
Unloading 1634 Unused Serialized files (Serialized files now loaded: 0)
System memory in use before: 93.8 MB.
System memory in use after: 92.3 MB.

Unloading 24 unused Assets to reduce memory usage. Loaded Objects now: 2095.
Total: 2.748600 ms (FindLiveObjects: 0.175300 ms CreateObjectMapping: 0.045900 ms MarkObjects: 2.074500 ms  DeleteObjects: 0.451600 ms)

AssetImportParameters requested are different than current active one (requested -> active):
  custom:framework-win-MediaFoundation: 216162199b28c13a410421893ffa2e32 -> 
  custom:video-decoder-ogg-theora: a1e56fd34408186e4bbccfd4996cb3dc -> 
  custom:container-muxer-webm: aa71ff27fc2769a1b78a27578f13a17b -> 
  custom:container-demuxer-webm: 4f35f7cbe854078d1ac9338744f61a02 -> 
  custom:container-demuxer-ogg: 62fdf1f143b41e24485cea50d1cbac27 -> 
  custom:video-encoder-webm-vp8: eb34c28f22e8b96e1ab97ce403110664 -> 
  custom:video-codec-MediaFoundation-h265: 746d11721c4dcdbdad8f713fa42b33f4 -> 
  custom:video-decoder-webm-vp8: 9c59270c3fd7afecdb556c50c9e8de78 -> 
  custom:audio-decoder-ogg-vorbis: bf7c407c2cedff20999df2af8eb42d56 -> 
  custom:audio-encoder-webm-vorbis: bf7c407c2cedff20999df2af8eb42d56 -> 
========================================================================
Received Import Request.
  path: Assets/Prefabs
  artifactKey: Guid(a73e171c89094524b957e03afd73102b) Importer(815301076,1909f56bfc062723c751e8b465ee728b)
Start importing Assets/Prefabs using Guid(a73e171c89094524b957e03afd73102b) Importer(815301076,1909f56bfc062723c751e8b465ee728b)  -> (artifact id: 'f0332c70d78f099da26aa1fc77ed8dda') in 0.013193 seconds 
  Import took 0.015978 seconds .

========================================================================
Received Import Request.
  Time since last request: 4.033064 seconds.
  path: Assets/SkyMaster/VOLUMETRIC CLOUDS PREFABS
  artifactKey: Guid(6b5188d654dbe9642bdab6c134145470) Importer(815301076,1909f56bfc062723c751e8b465ee728b)
Start importing Assets/SkyMaster/VOLUMETRIC CLOUDS PREFABS using Guid(6b5188d654dbe9642bdab6c134145470) Importer(815301076,1909f56bfc062723c751e8b465ee728b)  -> (artifact id: '6606a98483f433a1e5dc93faec501224') in 0.009582 seconds 
  Import took 0.012572 seconds .

========================================================================
Received Import Request.
  Time since last request: 0.000765 seconds.
  path: Assets/SkyMaster/VOLUMETRIC CLOUDS PREFABS
  artifactKey: Guid(6b5188d654dbe9642bdab6c134145470) Importer(815301076,1909f56bfc062723c751e8b465ee728b)
Start importing Assets/SkyMaster/VOLUMETRIC CLOUDS PREFABS using Guid(6b5188d654dbe9642bdab6c134145470) Importer(815301076,1909f56bfc062723c751e8b465ee728b)  -> (artifact id: '6606a98483f433a1e5dc93faec501224') in 0.003479 seconds 
  Import took 0.006175 seconds .

========================================================================
Received Import Request.
  Time since last request: 1.481829 seconds.
  path: Assets/SkyMaster/VOLUMETRIC CLOUDS PREFABS/0 HDRP Lightning Storm System.prefab
  artifactKey: Guid(890bdf843f4054645b26b7dd1f299107) Importer(815301076,1909f56bfc062723c751e8b465ee728b)
Start importing Assets/SkyMaster/VOLUMETRIC CLOUDS PREFABS/0 HDRP Lightning Storm System.prefab using Guid(890bdf843f4054645b26b7dd1f299107) Importer(815301076,1909f56bfc062723c751e8b465ee728b)  -> (artifact id: '303c4bf7a003a021c9d2a340285e91cd') in 0.148549 seconds 
  Import took 0.151693 seconds .

========================================================================
Received Import Request.
  Time since last request: 0.000319 seconds.
  path: Assets/SkyMaster/VOLUMETRIC CLOUDS PREFABS/DAY TIME  CLOUDS OPTIMIZED.prefab
  artifactKey: Guid(374707f00f5f42744a0975b5ff3bf018) Importer(815301076,1909f56bfc062723c751e8b465ee728b)
Start importing Assets/SkyMaster/VOLUMETRIC CLOUDS PREFABS/DAY TIME  CLOUDS OPTIMIZED.prefab using Guid(374707f00f5f42744a0975b5ff3bf018) Importer(815301076,1909f56bfc062723c751e8b465ee728b)  -> (artifact id: 'ff9819cd5f3d3501be7814727a30441a') in 0.093740 seconds 
  Import took 0.099603 seconds .

========================================================================
Received Import Request.
  Time since last request: 0.000329 seconds.
  path: Assets/SkyMaster/VOLUMETRIC CLOUDS PREFABS/DAY CLOUDS OPTIMIZED HIGH CLOUD BED.prefab
  artifactKey: Guid(5a7255629ff148849bb11b5a9091da89) Importer(815301076,1909f56bfc062723c751e8b465ee728b)
Start importing Assets/SkyMaster/VOLUMETRIC CLOUDS PREFABS/DAY CLOUDS OPTIMIZED HIGH CLOUD BED.prefab using Guid(5a7255629ff148849bb11b5a9091da89) Importer(815301076,1909f56bfc062723c751e8b465ee728b)  -> (artifact id: '57eff49a66e08e0e03600e9ef95ed94c') in 0.063242 seconds 
  Import took 0.069443 seconds .

========================================================================
Received Import Request.
  Time since last request: 0.000186 seconds.
  path: Assets/SkyMaster/VOLUMETRIC CLOUDS PREFABS/DAY TIME  CLOUDS WITH SAMPLE REFLECTION.prefab
  artifactKey: Guid(6ccca521a201b5646b4612d3e3bd50ae) Importer(815301076,1909f56bfc062723c751e8b465ee728b)
Start importing Assets/SkyMaster/VOLUMETRIC CLOUDS PREFABS/DAY TIME  CLOUDS WITH SAMPLE REFLECTION.prefab using Guid(6ccca521a201b5646b4612d3e3bd50ae) Importer(815301076,1909f56bfc062723c751e8b465ee728b)  -> (artifact id: '29be35d5387634548e0e2f98a2849887') in 0.047266 seconds 
  Import took 0.057447 seconds .

========================================================================
Received Import Request.
  Time since last request: 0.000268 seconds.
  path: Assets/SkyMaster/VOLUMETRIC CLOUDS PREFABS/DUAL LAYER CLOUDS DUSK.prefab
  artifactKey: Guid(7d1e7f06a44b558438ecc8e786456b35) Importer(815301076,1909f56bfc062723c751e8b465ee728b)
Start importing Assets/SkyMaster/VOLUMETRIC CLOUDS PREFABS/DUAL LAYER CLOUDS DUSK.prefab using Guid(7d1e7f06a44b558438ecc8e786456b35) Importer(815301076,1909f56bfc062723c751e8b465ee728b)  -> (artifact id: '87bde2e3463999943230022417d6bbc9') in 0.057562 seconds 
  Import took 0.063292 seconds .

========================================================================
Received Import Request.
  Time since last request: 0.000327 seconds.
  path: Assets/SkyMaster/VOLUMETRIC CLOUDS PREFABS/DUAL LAYER CLOUDS.prefab
  artifactKey: Guid(db8ac805e7da85f4fbc769fa9fe1a782) Importer(815301076,1909f56bfc062723c751e8b465ee728b)
Start importing Assets/SkyMaster/VOLUMETRIC CLOUDS PREFABS/DUAL LAYER CLOUDS.prefab using Guid(db8ac805e7da85f4fbc769fa9fe1a782) Importer(815301076,1909f56bfc062723c751e8b465ee728b)  -> (artifact id: '6d7222dc252420a02f1bc443f472af7f') in 0.052852 seconds 
  Import took 0.058468 seconds .

========================================================================
Received Import Request.
  Time since last request: 0.000291 seconds.
  path: Assets/SkyMaster/VOLUMETRIC CLOUDS PREFABS/LOW HEIGHT CLOUDS PREFAB v1.5.3.prefab
  artifactKey: Guid(2e63c088cc338904bb408ae4ffd4d2b5) Importer(815301076,1909f56bfc062723c751e8b465ee728b)
Start importing Assets/SkyMaster/VOLUMETRIC CLOUDS PREFABS/LOW HEIGHT CLOUDS PREFAB v1.5.3.prefab using Guid(2e63c088cc338904bb408ae4ffd4d2b5) Importer(815301076,1909f56bfc062723c751e8b465ee728b)  -> (artifact id: '9ee7e0bdef4f3f28306d26ea14c260e6') in 0.070822 seconds 
  Import took 0.077331 seconds .

========================================================================
Received Import Request.
  Time since last request: 0.000251 seconds.
  path: Assets/SkyMaster/VOLUMETRIC CLOUDS PREFABS/DAY TIME  CLOUDS OPTIMIZED with REFLECTION.prefab
  artifactKey: Guid(ca1722e35d6264543b39ba8dfab18760) Importer(815301076,1909f56bfc062723c751e8b465ee728b)
Start importing Assets/SkyMaster/VOLUMETRIC CLOUDS PREFABS/DAY TIME  CLOUDS OPTIMIZED with REFLECTION.prefab using Guid(ca1722e35d6264543b39ba8dfab18760) Importer(815301076,1909f56bfc062723c751e8b465ee728b)  -> (artifact id: '5926ba36002737792e1897a38240b470') in 0.046682 seconds 
  Import took 0.053759 seconds .

========================================================================
Received Import Request.
  Time since last request: 0.000263 seconds.
  path: Assets/SkyMaster/VOLUMETRIC CLOUDS PREFABS/FLOOR FOG.prefab
  artifactKey: Guid(80330dedc0072c54083217830490f6fa) Importer(815301076,1909f56bfc062723c751e8b465ee728b)
Start importing Assets/SkyMaster/VOLUMETRIC CLOUDS PREFABS/FLOOR FOG.prefab using Guid(80330dedc0072c54083217830490f6fa) Importer(815301076,1909f56bfc062723c751e8b465ee728b)  -> (artifact id: '447ee5e3bad1378803e004c04e269fd4') in 0.055566 seconds 
  Import took 0.061218 seconds .

========================================================================
Received Import Request.
  Time since last request: 0.000223 seconds.
  path: Assets/SkyMaster/VOLUMETRIC CLOUDS PREFABS/TOP DOWN VIEW CLOUDS.prefab
  artifactKey: Guid(a4e3f74fd7da81845acaa984b4dcdc47) Importer(815301076,1909f56bfc062723c751e8b465ee728b)
Start importing Assets/SkyMaster/VOLUMETRIC CLOUDS PREFABS/TOP DOWN VIEW CLOUDS.prefab using Guid(a4e3f74fd7da81845acaa984b4dcdc47) Importer(815301076,1909f56bfc062723c751e8b465ee728b)  -> (artifact id: '433b4dfcac102b501b1372de482fed2b') in 0.057606 seconds 
  Import took 0.063423 seconds .

========================================================================
Received Import Request.
  Time since last request: 0.000197 seconds.
  path: Assets/SkyMaster/VOLUMETRIC CLOUDS PREFABS/HDRP BASE SETUP.prefab
  artifactKey: Guid(96254d85abbb72442b2993db36de3558) Importer(815301076,1909f56bfc062723c751e8b465ee728b)
Start importing Assets/SkyMaster/VOLUMETRIC CLOUDS PREFABS/HDRP BASE SETUP.prefab using Guid(96254d85abbb72442b2993db36de3558) Importer(815301076,1909f56bfc062723c751e8b465ee728b)  -> (artifact id: 'b32084d9b1cd46b4eb34c8a74cac5738') in 0.013622 seconds 
  Import took 0.016529 seconds .

========================================================================
Received Import Request.
  Time since last request: 0.000278 seconds.
  path: Assets/SkyMaster/VOLUMETRIC CLOUDS PREFABS/DUSK TIME CLOUDS.prefab
  artifactKey: Guid(36e054e33b116c24bb7e07f7299b71c0) Importer(815301076,1909f56bfc062723c751e8b465ee728b)
Start importing Assets/SkyMaster/VOLUMETRIC CLOUDS PREFABS/DUSK TIME CLOUDS.prefab using Guid(36e054e33b116c24bb7e07f7299b71c0) Importer(815301076,1909f56bfc062723c751e8b465ee728b)  -> (artifact id: '4b029a1a0546fc79927ac459d1f30025') in 0.049034 seconds 
  Import took 0.054535 seconds .

========================================================================
Received Import Request.
  Time since last request: 0.000246 seconds.
  path: Assets/SkyMaster/VOLUMETRIC CLOUDS PREFABS/CLOUD REFLECTION.prefab
  artifactKey: Guid(0a09499fee0b35548b01a49ec4d68ad0) Importer(815301076,1909f56bfc062723c751e8b465ee728b)
Start importing Assets/SkyMaster/VOLUMETRIC CLOUDS PREFABS/CLOUD REFLECTION.prefab using Guid(0a09499fee0b35548b01a49ec4d68ad0) Importer(815301076,1909f56bfc062723c751e8b465ee728b)  -> (artifact id: '8e43fc8c4f0856c26a6209da8f102e0c') in 0.019287 seconds 
  Import took 0.022335 seconds .

========================================================================
Received Import Request.
  Time since last request: 0.000255 seconds.
  path: Assets/SkyMaster/VOLUMETRIC CLOUDS PREFABS/DAY TIME  CLOUDS.prefab
  artifactKey: Guid(444a86612270561449b5201468b7b5c6) Importer(815301076,1909f56bfc062723c751e8b465ee728b)
Start importing Assets/SkyMaster/VOLUMETRIC CLOUDS PREFABS/DAY TIME  CLOUDS.prefab using Guid(444a86612270561449b5201468b7b5c6) Importer(815301076,1909f56bfc062723c751e8b465ee728b)  -> (artifact id: '9326fa1a19101fe14e824f560e60fe76') in 0.055187 seconds 
  Import took 0.064592 seconds .

========================================================================
Received Import Request.
  Time since last request: 0.000182 seconds.
  path: Assets/SkyMaster/VOLUMETRIC CLOUDS PREFABS/CLOUD REFLECTION.prefab
  artifactKey: Guid(0a09499fee0b35548b01a49ec4d68ad0) Importer(815301076,1909f56bfc062723c751e8b465ee728b)
Start importing Assets/SkyMaster/VOLUMETRIC CLOUDS PREFABS/CLOUD REFLECTION.prefab using Guid(0a09499fee0b35548b01a49ec4d68ad0) Importer(815301076,1909f56bfc062723c751e8b465ee728b)  -> (artifact id: '8e43fc8c4f0856c26a6209da8f102e0c') in 0.010729 seconds 
  Import took 0.013591 seconds .

AssetImportWorkerClient::OnTransportError - code=2 error=End of file
